warning: field `current_function` is never read
  --> crates/fragile-clang/src/convert.rs:17:5
   |
15 | pub struct MirConverter {
   |            ------------ field in this struct
16 |     /// Current function being converted
17 |     current_function: Option<FunctionBuilder>,
   |     ^^^^^^^^^^^^^^^^
   |
   = note: `#[warn(dead_code)]` on by default

warning: method `build_coroutine` is never used
   --> crates/fragile-clang/src/convert.rs:121:8
    |
44  | impl FunctionBuilder {
    | -------------------- method in this implementation
...
121 |     fn build_coroutine(self) -> MirBody {
    |        ^^^^^^^^^^^^^^^

warning: `fragile-clang` (lib) generated 2 warnings
warning: unused import: `CppFunction`
 --> crates/fragile-rustc-driver/src/queries.rs:3:21
  |
3 | use fragile_clang::{CppFunction, CppModule, MirBody};
  |                     ^^^^^^^^^^^
  |
  = note: `#[warn(unused_imports)]` on by default

warning: unused import: `fragile_clang::CppModule`
  --> crates/fragile-rustc-driver/src/lib.rs:74:5
   |
74 | use fragile_clang::CppModule;
   |     ^^^^^^^^^^^^^^^^^^^^^^^^

warning: `fragile-rustc-driver` (lib) generated 2 warnings (run `cargo fix --lib -p fragile-rustc-driver` to apply 2 suggestions)
    Finished `dev` profile [unoptimized + debuginfo] target(s) in 0.08s
     Running `target/debug/examples/test_rrr_files`

=== Testing vendor/mako/src/rrr/base/basetypes.cpp ===
SUCCESS: 15 functions parsed

=== Testing vendor/mako/src/rrr/base/debugging.cpp ===
SUCCESS: 16 functions parsed

=== Testing vendor/mako/src/rrr/base/logging.cpp ===
Clang errors in user code:
/home/shuai/workspace/fragile/vendor/mako/src/rrr/base/logging.cpp:71:17: use of undeclared identifier 'vsprintf'

=== Testing vendor/mako/src/rrr/base/misc.cpp ===
SUCCESS: 20 functions parsed

=== Testing vendor/mako/src/rrr/base/strop.cpp ===
Clang errors in user code:
/home/shuai/workspace/fragile/vendor/mako/src/rrr/base/strop.cpp:43:7: no member named 'precision' in 'std::basic_ostringstream<char>'

=== Testing vendor/mako/src/rrr/base/threading.cpp ===
Clang errors in user code:
/home/shuai/workspace/fragile/vendor/mako/src/rrr/base/threading.cpp:102:16: use of undeclared identifier 'EPERM'
/home/shuai/workspace/fragile/vendor/mako/src/rrr/base/threading.cpp:255:17: use of undeclared identifier 'ETIMEDOUT'
/home/shuai/workspace/fragile/vendor/mako/src/rrr/base/threading.cpp:287:16: use of undeclared identifier 'EPERM'
/home/shuai/workspace/fragile/vendor/mako/src/rrr/base/threading.cpp:315:12: use of undeclared identifier 'max'

=== Testing vendor/mako/src/rrr/base/unittest.cpp ===
Clang errors in user code:
/home/shuai/workspace/fragile/vendor/mako/src/rrr/base/unittest.cpp:52:32: invalid operands to binary expression ('const char *' and 'std::basic_string<char>')

=== Testing vendor/mako/src/rrr/misc/alock.cpp ===
Clang errors in user code:
/home/shuai/workspace/fragile/vendor/mako/src/rrr/misc/alock.cpp:289:31: no matching function for call to 'erase'
/home/shuai/workspace/fragile/vendor/mako/src/rrr/misc/alock.cpp:289:29: no viable overloaded '='
/home/shuai/workspace/fragile/vendor/mako/src/rrr/misc/alock.cpp:312:31: no matching function for call to 'erase'
/home/shuai/workspace/fragile/vendor/mako/src/rrr/misc/alock.cpp:312:29: no viable overloaded '='

=== Testing vendor/mako/src/rrr/misc/recorder.cpp ===
Clang errors in user code:
/home/shuai/workspace/fragile/vendor/mako/src/rrr/misc/recorder.cpp:41:9: use of undeclared identifier 'errno'
/home/shuai/workspace/fragile/vendor/mako/src/rrr/misc/recorder.cpp:41:18: use of undeclared identifier 'EINVAL'
/home/shuai/workspace/fragile/vendor/mako/src/rrr/misc/recorder.cpp:48:17: use of undeclared identifier 'errno'
/home/shuai/workspace/fragile/vendor/mako/src/rrr/misc/recorder.cpp:48:33: use of undeclared identifier 'errno'
/home/shuai/workspace/fragile/vendor/mako/src/rrr/misc/recorder.cpp:149:25: no matching member function for call to 'insert'

=== Testing vendor/mako/src/rrr/rpc/client.cpp ===
SUCCESS: 4671 functions parsed

=== Testing vendor/mako/src/rrr/rpc/utils.cpp ===
Clang errors in user code:
/home/shuai/workspace/fragile/vendor/mako/src/rrr/base/basetypes.hpp:296:40: no template named 'greater' in namespace 'std'

=== Testing vendor/mako/src/rrr/reactor/epoll_wrapper.cc ===
Clang errors in user code:
/home/shuai/workspace/fragile/vendor/mako/src/rrr/base/basetypes.hpp:296:40: no template named 'greater' in namespace 'std'

=== Testing vendor/mako/src/rrr/reactor/event.cc ===
SUCCESS: 4640 functions parsed

=== Testing vendor/mako/src/rrr/reactor/fiber_impl.cc ===
SUCCESS: 4640 functions parsed

=== Testing vendor/mako/src/rrr/reactor/quorum_event.cc ===
Clang errors in user code:
/home/shuai/workspace/fragile/vendor/mako/src/rrr/reactor/quorum_event.cc:55:3: cannot initialize object parameter of type 'rrr::Event' with an expression of type 'janus::QuorumEvent'
/home/shuai/workspace/fragile/vendor/mako/src/rrr/reactor/quorum_event.cc:64:3: cannot initialize object parameter of type 'rrr::Event' with an expression of type 'janus::QuorumEvent'

=== Testing vendor/mako/src/rrr/reactor/reactor.cc ===
SUCCESS: 4640 functions parsed

=== Summary ===
Success: 7
Failed: 9
