warning: field `current_function` is never read
  --> crates/fragile-clang/src/convert.rs:17:5
   |
15 | pub struct MirConverter {
   |            ------------ field in this struct
16 |     /// Current function being converted
17 |     current_function: Option<FunctionBuilder>,
   |     ^^^^^^^^^^^^^^^^
   |
   = note: `#[warn(dead_code)]` on by default

warning: method `build_coroutine` is never used
   --> crates/fragile-clang/src/convert.rs:121:8
    |
44  | impl FunctionBuilder {
    | -------------------- method in this implementation
...
121 |     fn build_coroutine(self) -> MirBody {
    |        ^^^^^^^^^^^^^^^

warning: `fragile-clang` (lib) generated 2 warnings
warning: unused import: `CppFunction`
 --> crates/fragile-rustc-driver/src/queries.rs:3:21
  |
3 | use fragile_clang::{CppFunction, CppModule, MirBody};
  |                     ^^^^^^^^^^^
  |
  = note: `#[warn(unused_imports)]` on by default

warning: unused import: `fragile_clang::CppModule`
  --> crates/fragile-rustc-driver/src/lib.rs:74:5
   |
74 | use fragile_clang::CppModule;
   |     ^^^^^^^^^^^^^^^^^^^^^^^^

warning: `fragile-rustc-driver` (lib) generated 2 warnings (run `cargo fix --lib -p fragile-rustc-driver` to apply 2 suggestions)
   Compiling fragile-clang v0.1.0 (/home/shuai/workspace/fragile/crates/fragile-clang)
    Finished `dev` profile [unoptimized + debuginfo] target(s) in 1.55s
     Running `target/debug/examples/test_mako_files`
Found 155 mako module files

=== Successful files (0) ===

=== Failed files (0) ===

=== Summary ===
Success: 0/0 (NaN%)
Failed: 0
