
running 12 tests
test compile_commands::tests::test_find_command ... ok
test compile_commands::tests::test_get_opt_level ... ok
test compile_commands::tests::test_get_other_flags ... ok
test compile_commands::tests::test_has_debug_info ... ok
test compile_commands::tests::test_parse_compile_commands ... ok
test compile_commands::tests::test_get_warning_flags ... ok
test config::tests::test_get_includes ... ok
test config::tests::test_get_lib_paths ... ok
test tests::test_basic_config ... ok
test config::tests::test_circular_deps_detection ... ok
test config::tests::test_get_link_deps ... ok
test config::tests::test_parse_config ... ok

test result: ok. 12 passed; 0 failed; 0 ignored; 0 measured; 0 filtered out; finished in 0.00s


running 27 tests
test ast_codegen::tests::test_simple_function ... ok
test ast_codegen::tests::test_if_statement ... ok
test types::tests::test_bit_width_primitive_types ... ok
test types::tests::test_bit_width_no_fixed_width ... ok
test types::tests::test_is_signed_integer_types ... ok
test types::tests::test_bit_width_pointer_and_reference ... ok
test types::tests::test_smart_pointer_type_mappings ... ok
test parse::tests::test_parse_anonymous_namespace ... ok
test parse::tests::test_string_literal_empty ... ok
test parse::tests::test_parse_using_nested_namespace ... ok
test parse::tests::test_parse_rvalue_reference_parameter ... ok
test parse::tests::test_integer_literal_type_unsigned ... ok
test parse::tests::test_string_literal ... ok
test parse::tests::test_parse_const_lvalue_reference_parameter ... ok
test parse::tests::test_float_literal_type_double ... ok
test parse::tests::test_integer_literal_type_long ... ok
test parse::tests::test_mangled_name_for_simple_function ... ok
test parse::tests::test_bool_literal_false ... ok
test parse::tests::test_float_literal_type_float ... ok
test parse::tests::test_bool_literal_true ... ok
test parse::tests::test_parse_simple_function ... ok
test parse::tests::test_parse_namespace ... ok
test parse::tests::test_parse_constructor_with_initializer_list ... ok
test parse::tests::test_parse_lvalue_reference_parameter ... ok
test parse::tests::test_parse_using_namespace ... ok
test parse::tests::test_integer_literal_type_int ... ok
test parse::tests::test_integer_literal_type_unsigned_long ... ok

test result: ok. 27 passed; 0 failed; 0 ignored; 0 measured; 0 filtered out; finished in 0.02s


running 20 tests
test test_19_do_while ... ok
test test_12_struct_basic ... ok
test test_03_logical ... ok
test test_15_pointers ... ok
test test_10_functions ... ok
test test_01_arithmetic ... ok
test test_11_recursion ... ok
test test_17_arrays ... ok
test test_16_references ... ok
test test_02_comparisons ... ok
test test_08_nested_loops ... ok
test test_09_break_continue ... ok
test test_18_ternary ... ok
test test_13_struct_methods ... ok
test test_05_if_else ... ok
test test_07_for_loop ... ok
test test_20_nested_struct ... ok
test test_04_bitwise ... ok
test test_14_struct_constructor ... ok
test test_06_while_loop ... ok

test result: ok. 20 passed; 0 failed; 0 ignored; 0 measured; 0 filtered out; finished in 1.17s


running 49 tests
test test_end_to_end ... ok
test test_generate_rust_code ... ok
test test_control_flow ... ok
test test_namespace_function ... ok
test test_while_loop ... ok
test test_parse_add_function ... ok
test test_generate_stubs ... ok
test test_e2e_for_loop ... ok
test test_e2e_nested_control ... ok
test test_e2e_factorial ... ok
test test_e2e_multiple_inheritance ... ok
test test_e2e_casts ... ok
test test_e2e_nullptr ... ok
test test_e2e_struct_methods ... ok
test test_e2e_global_array ... ok
test test_e2e_namespace_path_resolution ... ok
test test_e2e_while_loop ... ok
test test_e2e_pointers ... ok
test test_e2e_generic_lambda ... ok
test test_e2e_destructor ... ok
test test_e2e_const_methods ... ok
test test_e2e_function_returning_struct ... ok
test test_e2e_global_var ... ok
test test_e2e_lambda_captures ... ok
test test_e2e_copy_constructor ... ok
test test_e2e_new_delete ... ok
test test_e2e_switch ... ok
test test_e2e_functor ... ok
test test_e2e_lambda_basic ... ok
test test_e2e_exception_handling ... ok
test test_e2e_simple_add ... ok
test test_e2e_increment_decrement ... ok
test test_e2e_typedef ... ok
test test_e2e_constructor ... ok
test test_e2e_array_new_delete ... ok
test test_e2e_references ... ok
test test_e2e_operator_overloading ... ok
test test_e2e_namespaces ... ok
test test_e2e_static_members ... ok
test test_e2e_inheritance ... ok
test test_e2e_enum_class ... ok
test test_e2e_arrays ... ok
test test_e2e_virtual_diamond ... ok
test test_e2e_default_params ... ok
test test_e2e_dynamic_dispatch ... ok
test test_e2e_range_for ... ok
test test_e2e_virtual_override ... ok
test test_e2e_base_constructor ... ok
test test_e2e_comma_operator ... ok

test result: ok. 49 passed; 0 failed; 0 ignored; 0 measured; 0 filtered out; finished in 0.92s


running 0 tests

test result: ok. 0 passed; 0 failed; 0 ignored; 0 measured; 0 filtered out; finished in 0.00s


running 0 tests

test result: ok. 0 passed; 0 failed; 0 ignored; 0 measured; 0 filtered out; finished in 0.00s


running 0 tests

test result: ok. 0 passed; 0 failed; 0 ignored; 0 measured; 0 filtered out; finished in 0.00s


running 0 tests

test result: ok. 0 passed; 0 failed; 0 ignored; 0 measured; 0 filtered out; finished in 0.00s


running 2 tests
test crates/fragile-clang/src/lib.rs - transpile_cpp_to_rust (line 34) ... ignored
test crates/fragile-clang/src/types.rs - types::CppType::substitute (line 417) ... ignored

test result: ok. 0 passed; 0 failed; 2 ignored; 0 measured; 0 filtered out; finished in 0.00s


running 0 tests

test result: ok. 0 passed; 0 failed; 0 ignored; 0 measured; 0 filtered out; finished in 0.00s


running 0 tests

test result: ok. 0 passed; 0 failed; 0 ignored; 0 measured; 0 filtered out; finished in 0.00s

